Error: Cannot find module 'express'
Require stack:
- /root/server/index.js
    at Module._resolveFilename (node:internal/modules/cjs/loader:1207:15)
    at Hook._require.Module.require (/usr/lib/node_modules/pm2/node_modules/require-in-the-middle/index.js:81:25)
    at require (node:internal/modules/helpers:182:18)
    at Object.<anonymous> (/root/server/index.js:1:17)
    at Module._compile (node:internal/modules/cjs/loader:1521:14)
    at Module._extensions..js (node:internal/modules/cjs/loader:1623:10)
    at Module.load (node:internal/modules/cjs/loader:1266:32)
    at Module._load (node:internal/modules/cjs/loader:1091:12)
    at Object.<anonymous> (/usr/lib/node_modules/pm2/lib/ProcessContainerFork.js:33:23)
    at Module._compile (node:internal/modules/cjs/loader:1521:14) {
  code: 'MODULE_NOT_FOUND',
  requireStack: [ '/root/server/index.js' ]
}
Error: Cannot find module 'express'
Require stack:
- /root/server/index.js
    at Module._resolveFilename (node:internal/modules/cjs/loader:1207:15)
    at Hook._require.Module.require (/usr/lib/node_modules/pm2/node_modules/require-in-the-middle/index.js:81:25)
    at require (node:internal/modules/helpers:182:18)
    at Object.<anonymous> (/root/server/index.js:1:17)
    at Module._compile (node:internal/modules/cjs/loader:1521:14)
    at Module._extensions..js (node:internal/modules/cjs/loader:1623:10)
    at Module.load (node:internal/modules/cjs/loader:1266:32)
    at Module._load (node:internal/modules/cjs/loader:1091:12)
    at Object.<anonymous> (/usr/lib/node_modules/pm2/lib/ProcessContainerFork.js:33:23)
    at Module._compile (node:internal/modules/cjs/loader:1521:14) {
  code: 'MODULE_NOT_FOUND',
  requireStack: [ '/root/server/index.js' ]
}
Error: Cannot find module 'express'
Require stack:
- /root/server/index.js
    at Module._resolveFilename (node:internal/modules/cjs/loader:1207:15)
    at Hook._require.Module.require (/usr/lib/node_modules/pm2/node_modules/require-in-the-middle/index.js:81:25)
    at require (node:internal/modules/helpers:182:18)
    at Object.<anonymous> (/root/server/index.js:1:17)
    at Module._compile (node:internal/modules/cjs/loader:1521:14)
    at Module._extensions..js (node:internal/modules/cjs/loader:1623:10)
    at Module.load (node:internal/modules/cjs/loader:1266:32)
    at Module._load (node:internal/modules/cjs/loader:1091:12)
    at Object.<anonymous> (/usr/lib/node_modules/pm2/lib/ProcessContainerFork.js:33:23)
    at Module._compile (node:internal/modules/cjs/loader:1521:14) {
  code: 'MODULE_NOT_FOUND',
  requireStack: [ '/root/server/index.js' ]
}
Error: Cannot find module 'express'
Require stack:
- /root/server/index.js
    at Module._resolveFilename (node:internal/modules/cjs/loader:1207:15)
    at Hook._require.Module.require (/usr/lib/node_modules/pm2/node_modules/require-in-the-middle/index.js:81:25)
    at require (node:internal/modules/helpers:182:18)
    at Object.<anonymous> (/root/server/index.js:1:17)
    at Module._compile (node:internal/modules/cjs/loader:1521:14)
    at Module._extensions..js (node:internal/modules/cjs/loader:1623:10)
    at Module.load (node:internal/modules/cjs/loader:1266:32)
    at Module._load (node:internal/modules/cjs/loader:1091:12)
    at Object.<anonymous> (/usr/lib/node_modules/pm2/lib/ProcessContainerFork.js:33:23)
    at Module._compile (node:internal/modules/cjs/loader:1521:14) {
  code: 'MODULE_NOT_FOUND',
  requireStack: [ '/root/server/index.js' ]
}
Error: Cannot find module 'express'
Require stack:
- /root/server/index.js
    at Module._resolveFilename (node:internal/modules/cjs/loader:1207:15)
    at Hook._require.Module.require (/usr/lib/node_modules/pm2/node_modules/require-in-the-middle/index.js:81:25)
    at require (node:internal/modules/helpers:182:18)
    at Object.<anonymous> (/root/server/index.js:1:17)
    at Module._compile (node:internal/modules/cjs/loader:1521:14)
    at Module._extensions..js (node:internal/modules/cjs/loader:1623:10)
    at Module.load (node:internal/modules/cjs/loader:1266:32)
    at Module._load (node:internal/modules/cjs/loader:1091:12)
    at Object.<anonymous> (/usr/lib/node_modules/pm2/lib/ProcessContainerFork.js:33:23)
    at Module._compile (node:internal/modules/cjs/loader:1521:14) {
  code: 'MODULE_NOT_FOUND',
  requireStack: [ '/root/server/index.js' ]
}
Error: Cannot find module 'express'
Require stack:
- /root/server/index.js
    at Module._resolveFilename (node:internal/modules/cjs/loader:1207:15)
    at Hook._require.Module.require (/usr/lib/node_modules/pm2/node_modules/require-in-the-middle/index.js:81:25)
    at require (node:internal/modules/helpers:182:18)
    at Object.<anonymous> (/root/server/index.js:1:17)
    at Module._compile (node:internal/modules/cjs/loader:1521:14)
    at Module._extensions..js (node:internal/modules/cjs/loader:1623:10)
    at Module.load (node:internal/modules/cjs/loader:1266:32)
    at Module._load (node:internal/modules/cjs/loader:1091:12)
    at Object.<anonymous> (/usr/lib/node_modules/pm2/lib/ProcessContainerFork.js:33:23)
    at Module._compile (node:internal/modules/cjs/loader:1521:14) {
  code: 'MODULE_NOT_FOUND',
  requireStack: [ '/root/server/index.js' ]
}
Error: Cannot find module 'express'
Require stack:
- /root/server/index.js
    at Module._resolveFilename (node:internal/modules/cjs/loader:1207:15)
    at Hook._require.Module.require (/usr/lib/node_modules/pm2/node_modules/require-in-the-middle/index.js:81:25)
    at require (node:internal/modules/helpers:182:18)
    at Object.<anonymous> (/root/server/index.js:1:17)
    at Module._compile (node:internal/modules/cjs/loader:1521:14)
    at Module._extensions..js (node:internal/modules/cjs/loader:1623:10)
    at Module.load (node:internal/modules/cjs/loader:1266:32)
    at Module._load (node:internal/modules/cjs/loader:1091:12)
    at Object.<anonymous> (/usr/lib/node_modules/pm2/lib/ProcessContainerFork.js:33:23)
    at Module._compile (node:internal/modules/cjs/loader:1521:14) {
  code: 'MODULE_NOT_FOUND',
  requireStack: [ '/root/server/index.js' ]
}
Error: Cannot find module 'express'
Require stack:
- /root/server/index.js
    at Module._resolveFilename (node:internal/modules/cjs/loader:1207:15)
    at Hook._require.Module.require (/usr/lib/node_modules/pm2/node_modules/require-in-the-middle/index.js:81:25)
    at require (node:internal/modules/helpers:182:18)
    at Object.<anonymous> (/root/server/index.js:1:17)
    at Module._compile (node:internal/modules/cjs/loader:1521:14)
    at Module._extensions..js (node:internal/modules/cjs/loader:1623:10)
    at Module.load (node:internal/modules/cjs/loader:1266:32)
    at Module._load (node:internal/modules/cjs/loader:1091:12)
    at Object.<anonymous> (/usr/lib/node_modules/pm2/lib/ProcessContainerFork.js:33:23)
    at Module._compile (node:internal/modules/cjs/loader:1521:14) {
  code: 'MODULE_NOT_FOUND',
  requireStack: [ '/root/server/index.js' ]
}
Error: Cannot find module 'express'
Require stack:
- /root/server/index.js
    at Module._resolveFilename (node:internal/modules/cjs/loader:1207:15)
    at Hook._require.Module.require (/usr/lib/node_modules/pm2/node_modules/require-in-the-middle/index.js:81:25)
    at require (node:internal/modules/helpers:182:18)
    at Object.<anonymous> (/root/server/index.js:1:17)
    at Module._compile (node:internal/modules/cjs/loader:1521:14)
    at Module._extensions..js (node:internal/modules/cjs/loader:1623:10)
    at Module.load (node:internal/modules/cjs/loader:1266:32)
    at Module._load (node:internal/modules/cjs/loader:1091:12)
    at Object.<anonymous> (/usr/lib/node_modules/pm2/lib/ProcessContainerFork.js:33:23)
    at Module._compile (node:internal/modules/cjs/loader:1521:14) {
  code: 'MODULE_NOT_FOUND',
  requireStack: [ '/root/server/index.js' ]
}
Error: Cannot find module 'express'
Require stack:
- /root/server/index.js
    at Module._resolveFilename (node:internal/modules/cjs/loader:1207:15)
    at Hook._require.Module.require (/usr/lib/node_modules/pm2/node_modules/require-in-the-middle/index.js:81:25)
    at require (node:internal/modules/helpers:182:18)
    at Object.<anonymous> (/root/server/index.js:1:17)
    at Module._compile (node:internal/modules/cjs/loader:1521:14)
    at Module._extensions..js (node:internal/modules/cjs/loader:1623:10)
    at Module.load (node:internal/modules/cjs/loader:1266:32)
    at Module._load (node:internal/modules/cjs/loader:1091:12)
    at Object.<anonymous> (/usr/lib/node_modules/pm2/lib/ProcessContainerFork.js:33:23)
    at Module._compile (node:internal/modules/cjs/loader:1521:14) {
  code: 'MODULE_NOT_FOUND',
  requireStack: [ '/root/server/index.js' ]
}
Error: Cannot find module 'express'
Require stack:
- /root/server/index.js
    at Module._resolveFilename (node:internal/modules/cjs/loader:1207:15)
    at Hook._require.Module.require (/usr/lib/node_modules/pm2/node_modules/require-in-the-middle/index.js:81:25)
    at require (node:internal/modules/helpers:182:18)
    at Object.<anonymous> (/root/server/index.js:1:17)
    at Module._compile (node:internal/modules/cjs/loader:1521:14)
    at Module._extensions..js (node:internal/modules/cjs/loader:1623:10)
    at Module.load (node:internal/modules/cjs/loader:1266:32)
    at Module._load (node:internal/modules/cjs/loader:1091:12)
    at Object.<anonymous> (/usr/lib/node_modules/pm2/lib/ProcessContainerFork.js:33:23)
    at Module._compile (node:internal/modules/cjs/loader:1521:14) {
  code: 'MODULE_NOT_FOUND',
  requireStack: [ '/root/server/index.js' ]
}
Error: Cannot find module 'express'
Require stack:
- /root/server/index.js
    at Module._resolveFilename (node:internal/modules/cjs/loader:1207:15)
    at Hook._require.Module.require (/usr/lib/node_modules/pm2/node_modules/require-in-the-middle/index.js:81:25)
    at require (node:internal/modules/helpers:182:18)
    at Object.<anonymous> (/root/server/index.js:1:17)
    at Module._compile (node:internal/modules/cjs/loader:1521:14)
    at Module._extensions..js (node:internal/modules/cjs/loader:1623:10)
    at Module.load (node:internal/modules/cjs/loader:1266:32)
    at Module._load (node:internal/modules/cjs/loader:1091:12)
    at Object.<anonymous> (/usr/lib/node_modules/pm2/lib/ProcessContainerFork.js:33:23)
    at Module._compile (node:internal/modules/cjs/loader:1521:14) {
  code: 'MODULE_NOT_FOUND',
  requireStack: [ '/root/server/index.js' ]
}
Error: Cannot find module 'express'
Require stack:
- /root/server/index.js
    at Module._resolveFilename (node:internal/modules/cjs/loader:1207:15)
    at Hook._require.Module.require (/usr/lib/node_modules/pm2/node_modules/require-in-the-middle/index.js:81:25)
    at require (node:internal/modules/helpers:182:18)
    at Object.<anonymous> (/root/server/index.js:1:17)
    at Module._compile (node:internal/modules/cjs/loader:1521:14)
    at Module._extensions..js (node:internal/modules/cjs/loader:1623:10)
    at Module.load (node:internal/modules/cjs/loader:1266:32)
    at Module._load (node:internal/modules/cjs/loader:1091:12)
    at Object.<anonymous> (/usr/lib/node_modules/pm2/lib/ProcessContainerFork.js:33:23)
    at Module._compile (node:internal/modules/cjs/loader:1521:14) {
  code: 'MODULE_NOT_FOUND',
  requireStack: [ '/root/server/index.js' ]
}
Error: Cannot find module 'express'
Require stack:
- /root/server/index.js
    at Module._resolveFilename (node:internal/modules/cjs/loader:1207:15)
    at Hook._require.Module.require (/usr/lib/node_modules/pm2/node_modules/require-in-the-middle/index.js:81:25)
    at require (node:internal/modules/helpers:182:18)
    at Object.<anonymous> (/root/server/index.js:1:17)
    at Module._compile (node:internal/modules/cjs/loader:1521:14)
    at Module._extensions..js (node:internal/modules/cjs/loader:1623:10)
    at Module.load (node:internal/modules/cjs/loader:1266:32)
    at Module._load (node:internal/modules/cjs/loader:1091:12)
    at Object.<anonymous> (/usr/lib/node_modules/pm2/lib/ProcessContainerFork.js:33:23)
    at Module._compile (node:internal/modules/cjs/loader:1521:14) {
  code: 'MODULE_NOT_FOUND',
  requireStack: [ '/root/server/index.js' ]
}
Error: Cannot find module 'express'
Require stack:
- /root/server/index.js
    at Module._resolveFilename (node:internal/modules/cjs/loader:1207:15)
    at Hook._require.Module.require (/usr/lib/node_modules/pm2/node_modules/require-in-the-middle/index.js:81:25)
    at require (node:internal/modules/helpers:182:18)
    at Object.<anonymous> (/root/server/index.js:1:17)
    at Module._compile (node:internal/modules/cjs/loader:1521:14)
    at Module._extensions..js (node:internal/modules/cjs/loader:1623:10)
    at Module.load (node:internal/modules/cjs/loader:1266:32)
    at Module._load (node:internal/modules/cjs/loader:1091:12)
    at Object.<anonymous> (/usr/lib/node_modules/pm2/lib/ProcessContainerFork.js:33:23)
    at Module._compile (node:internal/modules/cjs/loader:1521:14) {
  code: 'MODULE_NOT_FOUND',
  requireStack: [ '/root/server/index.js' ]
}
Error: Cannot find module 'express'
Require stack:
- /root/server/index.js
    at Module._resolveFilename (node:internal/modules/cjs/loader:1207:15)
    at Hook._require.Module.require (/usr/lib/node_modules/pm2/node_modules/require-in-the-middle/index.js:81:25)
    at require (node:internal/modules/helpers:182:18)
    at Object.<anonymous> (/root/server/index.js:1:17)
    at Module._compile (node:internal/modules/cjs/loader:1521:14)
    at Module._extensions..js (node:internal/modules/cjs/loader:1623:10)
    at Module.load (node:internal/modules/cjs/loader:1266:32)
    at Module._load (node:internal/modules/cjs/loader:1091:12)
    at Object.<anonymous> (/usr/lib/node_modules/pm2/lib/ProcessContainerFork.js:33:23)
    at Module._compile (node:internal/modules/cjs/loader:1521:14) {
  code: 'MODULE_NOT_FOUND',
  requireStack: [ '/root/server/index.js' ]
}
